<?xml version="1.0" encoding="UTF-8"?>
<testng-results ignored="0" total="1" passed="1" failed="0" skipped="0">
  <reporter-output>
    <line>
      <![CDATA[Dummy Test is executed]]>
    </line>
  </reporter-output>
  <suite started-at="2025-05-08T09:24:22 IST" name="regressionSuite" finished-at="2025-05-08T09:24:22 IST" duration-ms="129">
    <groups>
    </groups>
    <test started-at="2025-05-08T09:24:22 IST" name="Test" finished-at="2025-05-08T09:24:22 IST" duration-ms="129">
      <class name="dummy_project.DummyTest">
        <test-method signature="dummyTest()[pri:0, instance:dummy_project.DummyTest@2e385cce]" started-at="2025-05-08T09:24:22 IST" name="dummyTest" finished-at="2025-05-08T09:24:22 IST" duration-ms="25" status="PASS">
          <reporter-output>
            <line>
              <![CDATA[Dummy Test is executed]]>
            </line>
          </reporter-output>
        </test-method> <!-- dummyTest -->
      </class> <!-- dummy_project.DummyTest -->
    </test> <!-- Test -->
  </suite> <!-- regressionSuite -->
</testng-results>
