<?xml version="1.0" encoding="UTF-8"?>
<testng-results ignored="0" total="2" passed="2" failed="0" skipped="0">
  <reporter-output>
    <line>
      <![CDATA[step1 : Browser launched sucessfully...]]>
    </line>
    <line>
      <![CDATA[step2 : Navigated to application  sucessfully...]]>
    </line>
    <line>
      <![CDATA[step3 : Login sucessfully...]]>
    </line>
    <line>
      <![CDATA[step 4 : product added to cart sucessfully...]]>
    </line>
    <line>
      <![CDATA[step5 : Logout sucessfully...]]>
    </line>
    <line>
      <![CDATA[step3 : Login sucessfully...]]>
    </line>
    <line>
      <![CDATA[step n : removed from cart sucessfully...]]>
    </line>
    <line>
      <![CDATA[step5 : Logout sucessfully...]]>
    </line>
    <line>
      <![CDATA[step6 : closed browser sucessfully...]]>
    </line>
  </reporter-output>
  <suite started-at="2025-05-08T12:40:28 IST" name="RegressionSuite" finished-at="2025-05-08T12:41:02 IST" duration-ms="34009">
    <groups>
    </groups>
    <test started-at="2025-05-08T12:40:28 IST" name="Test" finished-at="2025-05-08T12:41:02 IST" duration-ms="34009">
      <class name="dummy_package.Dummy_Test">
        <test-method is-config="true" signature="browserSetup()[pri:0, instance:dummy_package.Dummy_Test@5fd62371]" started-at="2025-05-08T12:40:28 IST" name="browserSetup" finished-at="2025-05-08T12:40:31 IST" duration-ms="2867" status="PASS">
          <reporter-output>
            <line>
              <![CDATA[step1 : Browser launched sucessfully...]]>
            </line>
            <line>
              <![CDATA[step2 : Navigated to application  sucessfully...]]>
            </line>
          </reporter-output>
        </test-method> <!-- browserSetup -->
        <test-method is-config="true" signature="login()[pri:0, instance:dummy_package.Dummy_Test@5fd62371]" started-at="2025-05-08T12:40:31 IST" name="login" finished-at="2025-05-08T12:40:42 IST" duration-ms="10757" status="PASS">
          <reporter-output>
            <line>
              <![CDATA[step3 : Login sucessfully...]]>
            </line>
          </reporter-output>
        </test-method> <!-- login -->
        <test-method signature="addProduct()[pri:0, instance:dummy_package.Dummy_Test@5fd62371]" started-at="2025-05-08T12:40:42 IST" name="addProduct" finished-at="2025-05-08T12:40:44 IST" duration-ms="2226" status="PASS">
          <reporter-output>
            <line>
              <![CDATA[step 4 : product added to cart sucessfully...]]>
            </line>
          </reporter-output>
        </test-method> <!-- addProduct -->
        <test-method is-config="true" signature="logout()[pri:0, instance:dummy_package.Dummy_Test@5fd62371]" started-at="2025-05-08T12:40:44 IST" name="logout" finished-at="2025-05-08T12:40:46 IST" duration-ms="2248" status="PASS">
          <reporter-output>
            <line>
              <![CDATA[step5 : Logout sucessfully...]]>
            </line>
          </reporter-output>
        </test-method> <!-- logout -->
        <test-method is-config="true" signature="login()[pri:0, instance:dummy_package.Dummy_Test@5fd62371]" started-at="2025-05-08T12:40:46 IST" name="login" finished-at="2025-05-08T12:40:57 IST" duration-ms="10443" status="PASS">
          <reporter-output>
            <line>
              <![CDATA[step3 : Login sucessfully...]]>
            </line>
          </reporter-output>
        </test-method> <!-- login -->
        <test-method signature="removeProduct()[pri:0, instance:dummy_package.Dummy_Test@5fd62371]" started-at="2025-05-08T12:40:57 IST" name="removeProduct" finished-at="2025-05-08T12:41:00 IST" duration-ms="2801" status="PASS">
          <reporter-output>
            <line>
              <![CDATA[step n : removed from cart sucessfully...]]>
            </line>
          </reporter-output>
        </test-method> <!-- removeProduct -->
        <test-method is-config="true" signature="logout()[pri:0, instance:dummy_package.Dummy_Test@5fd62371]" started-at="2025-05-08T12:41:00 IST" name="logout" finished-at="2025-05-08T12:41:02 IST" duration-ms="2250" status="PASS">
          <reporter-output>
            <line>
              <![CDATA[step5 : Logout sucessfully...]]>
            </line>
          </reporter-output>
        </test-method> <!-- logout -->
        <test-method is-config="true" signature="close()[pri:0, instance:dummy_package.Dummy_Test@5fd62371]" started-at="2025-05-08T12:41:02 IST" name="close" finished-at="2025-05-08T12:41:02 IST" duration-ms="295" status="PASS">
          <reporter-output>
            <line>
              <![CDATA[step6 : closed browser sucessfully...]]>
            </line>
          </reporter-output>
        </test-method> <!-- close -->
      </class> <!-- dummy_package.Dummy_Test -->
    </test> <!-- Test -->
  </suite> <!-- RegressionSuite -->
</testng-results>
